 02-08-2023 15:45:55:320 [pid=1136686 tid=1136686] NOTICE  cufio-drv:720 running in compatible mode
 02-08-2023 15:45:55:528 [pid=1136686 tid=1136686] ERROR  cufio:1484 cuFileHandleRegister error, invalid file descriptor: -1
 02-08-2023 15:45:55:528 [pid=1136686 tid=1136686] ERROR  cufio:1592 cuFileHandleRegister error: invalid arguments
 02-08-2023 15:45:55:530 [pid=1136686 tid=1136686] ERROR  0:106 cuDeviceGet failed with error 4
 02-08-2023 16:16:01:246 [pid=1142393 tid=1142393] NOTICE  cufio-drv:720 running in compatible mode
 02-08-2023 16:16:01:448 [pid=1142393 tid=1142393] ERROR  cufio:1484 cuFileHandleRegister error, invalid file descriptor: -1
 02-08-2023 16:16:01:448 [pid=1142393 tid=1142393] ERROR  cufio:1592 cuFileHandleRegister error: invalid arguments
 02-08-2023 16:16:01:449 [pid=1142393 tid=1142393] ERROR  0:106 cuDeviceGet failed with error 4
 02-08-2023 18:11:15:540 [pid=1163498 tid=1163498] NOTICE  cufio-drv:720 running in compatible mode
 02-08-2023 18:11:15:746 [pid=1163498 tid=1163498] ERROR  cufio:1484 cuFileHandleRegister error, invalid file descriptor: -1
 02-08-2023 18:11:15:746 [pid=1163498 tid=1163498] ERROR  cufio:1592 cuFileHandleRegister error: invalid arguments
 02-08-2023 18:11:15:746 [pid=1163498 tid=1163498] ERROR  0:106 cuDeviceGet failed with error 4
 02-08-2023 18:15:24:985 [pid=1164360 tid=1164360] NOTICE  cufio-drv:720 running in compatible mode
 02-08-2023 18:15:25:189 [pid=1164360 tid=1164360] ERROR  cufio:1484 cuFileHandleRegister error, invalid file descriptor: -1
 02-08-2023 18:15:25:189 [pid=1164360 tid=1164360] ERROR  cufio:1592 cuFileHandleRegister error: invalid arguments
 02-08-2023 18:15:25:190 [pid=1164360 tid=1164360] ERROR  0:106 cuDeviceGet failed with error 4
 03-08-2023 11:17:49:433 [pid=1183500 tid=1183500] NOTICE  cufio-drv:720 running in compatible mode
 03-08-2023 11:17:49:639 [pid=1183500 tid=1183500] ERROR  cufio:1484 cuFileHandleRegister error, invalid file descriptor: -1
 03-08-2023 11:17:49:639 [pid=1183500 tid=1183500] ERROR  cufio:1592 cuFileHandleRegister error: invalid arguments
 03-08-2023 11:17:49:639 [pid=1183500 tid=1183500] ERROR  0:106 cuDeviceGet failed with error 4
 03-08-2023 15:16:52:563 [pid=1208020 tid=1208020] NOTICE  cufio-drv:720 running in compatible mode
 03-08-2023 15:16:52:765 [pid=1208020 tid=1208020] ERROR  cufio:1484 cuFileHandleRegister error, invalid file descriptor: -1
 03-08-2023 15:16:52:765 [pid=1208020 tid=1208020] ERROR  cufio:1592 cuFileHandleRegister error: invalid arguments
 03-08-2023 15:16:52:765 [pid=1208020 tid=1208020] ERROR  0:106 cuDeviceGet failed with error 4
 03-08-2023 16:08:15:351 [pid=1217879 tid=1217879] NOTICE  cufio-drv:720 running in compatible mode
 03-08-2023 16:08:15:559 [pid=1217879 tid=1217879] ERROR  cufio-fs:79 mount option not found in mount table data device: /dev/nvme0n1p5
 03-08-2023 16:08:15:726 [pid=1217879 tid=1217879] ERROR  0:106 cuDeviceGet failed with error 4
 03-08-2023 16:13:15:724 [pid=1217964 tid=1217964] NOTICE  cufio-drv:720 running in compatible mode
 03-08-2023 16:13:15:931 [pid=1217964 tid=1217964] ERROR  cufio-fs:79 mount option not found in mount table data device: /dev/nvme0n1p5
 03-08-2023 16:13:16:103 [pid=1217964 tid=1217964] ERROR  0:106 cuDeviceGet failed with error 4
 03-08-2023 17:30:12:943 [pid=1226023 tid=1226023] NOTICE  cufio-drv:720 running in compatible mode
 03-08-2023 17:30:13:152 [pid=1226023 tid=1226023] ERROR  cufio-fs:79 mount option not found in mount table data device: /dev/nvme0n1p5
 03-08-2023 17:30:13:176 [pid=1226023 tid=1226023] ERROR  0:106 cuDeviceGet failed with error 4
 03-08-2023 18:02:33:649 [pid=1226243 tid=1226243] NOTICE  cufio-drv:720 running in compatible mode
 03-08-2023 18:02:33:857 [pid=1226243 tid=1226243] ERROR  cufio-fs:79 mount option not found in mount table data device: /dev/nvme0n1p5
 03-08-2023 18:02:33:881 [pid=1226243 tid=1226243] ERROR  0:106 cuDeviceGet failed with error 4
