Sample size: 56000
preparing GPU memory space 
Copying sample files to GPU memory space 
Timer started, doing simulation.... 
Sample size: 56000

   Configuration: 
 block  ||  thread
-------------------
   100    ||    560


[____________________________________________________________________________________________________]  0.00 % 
[==========__________________________________________________________________________________________] 10.00 % 
[===========_________________________________________________________________________________________] 11.00 % 
[============________________________________________________________________________________________] 12.00 % 
[=============_______________________________________________________________________________________] 13.00 % 
[==============______________________________________________________________________________________] 14.00 % 
[===============_____________________________________________________________________________________] 15.00 % 
[================____________________________________________________________________________________] 16.00 % 
[=================___________________________________________________________________________________] 17.00 % 
[==================__________________________________________________________________________________] 18.00 % 
[===================_________________________________________________________________________________] 19.00 % 
[====================________________________________________________________________________________] 20.00 % 
[=====================_______________________________________________________________________________] 21.00 % 
[======================______________________________________________________________________________] 22.00 % 
[=======================_____________________________________________________________________________] 23.00 % 
[========================____________________________________________________________________________] 24.00 % 
[=========================___________________________________________________________________________] 25.00 % 
[==========================__________________________________________________________________________] 26.00 % 
[===========================_________________________________________________________________________] 27.00 % 
[============================________________________________________________________________________] 28.00 % 
[=============================_______________________________________________________________________] 29.00 % 
[==============================______________________________________________________________________] 30.00 % 
[===============================_____________________________________________________________________] 31.00 % 
[================================____________________________________________________________________] 32.00 % 
[=================================___________________________________________________________________] 33.00 % 
[==================================__________________________________________________________________] 34.00 % 
[===================================_________________________________________________________________] 35.00 % 
[====================================________________________________________________________________] 36.00 % 
[=====================================_______________________________________________________________] 37.00 % 
[======================================______________________________________________________________] 38.00 % 
[=======================================_____________________________________________________________] 39.00 % 
[========================================____________________________________________________________] 40.00 % 
[=========================================___________________________________________________________] 41.00 % 
[==========================================__________________________________________________________] 42.00 % 
[===========================================_________________________________________________________] 43.00 % 
[============================================________________________________________________________] 44.00 % 
[=============================================_______________________________________________________] 45.00 % 
[==============================================______________________________________________________] 46.00 % 
[===============================================_____________________________________________________] 47.00 % 
[================================================____________________________________________________] 48.00 % 
[=================================================___________________________________________________] 49.00 % 
[==================================================__________________________________________________] 50.00 % 
[===================================================_________________________________________________] 51.00 % 
[====================================================________________________________________________] 52.00 % 
[=====================================================_______________________________________________] 53.00 % 
[======================================================______________________________________________] 54.00 % 
[=======================================================_____________________________________________] 55.00 % 
[========================================================____________________________________________] 56.00 % 
[=========================================================___________________________________________] 57.00 % 
[==========================================================__________________________________________] 58.00 % 
[===========================================================_________________________________________] 59.00 % 
[============================================================________________________________________] 60.00 % 
[=============================================================_______________________________________] 61.00 % 
[==============================================================______________________________________] 62.00 % 
[===============================================================_____________________________________] 63.00 % 
[================================================================____________________________________] 64.00 % 
[=================================================================___________________________________] 65.00 % 
[==================================================================__________________________________] 66.00 % 
[===================================================================_________________________________] 67.00 % 
[====================================================================________________________________] 68.00 % 
[=====================================================================_______________________________] 69.00 % 
[======================================================================______________________________] 70.00 % 
[=======================================================================_____________________________] 71.00 % 
[========================================================================____________________________] 72.00 % 
^[[D[=========================================================================___________________________] 73.00 % 
[==========================================================================__________________________] 74.00 % 
[===========================================================================_________________________] 75.00 % 
[============================================================================________________________] 76.00 % 
[=============================================================================_______________________] 77.00 % 
[==============================================================================______________________] 78.00 % 
[===============================================================================_____________________] 79.00 % 
[================================================================================____________________] 80.00 % 
[=================================================================================___________________] 81.00 % 
[==================================================================================__________________] 82.00 % 
[===================================================================================_________________] 83.00 % 
[====================================================================================________________] 84.00 % 
[=====================================================================================_______________] 85.00 % 
[======================================================================================______________] 86.00 % 
[=======================================================================================_____________] 87.00 % 
[========================================================================================____________] 88.00 % 
[=========================================================================================___________] 89.00 % 
[==========================================================================================__________] 90.00 % 
[===========================================================================================_________] 91.00 % 
[============================================================================================________] 92.00 % 
[=============================================================================================_______] 93.00 % 
[==============================================================================================______] 94.00 % 
[===============================================================================================_____] 95.00 % 
[================================================================================================____] 96.00 % 
[=================================================================================================___] 97.00 % 
[==================================================================================================__] 98.00 % 
[===================================================================================================_] 99.00 % 
[====================================================================================================] 100.00 % 
allocating memory for computation result in the CPU, malloc style 
...allocated for STATES, 
...allocated for time, 
...allocated for dt, 
...allocated for ICaL, 
...allocating for INaL, all set!
copying the data back to the CPU 
writing to file... 
Elapsed time: 21765.6s