Sample size: 56000
preparing GPU memory space 
Copying sample files to GPU memory space 
Timer started, doing simulation.... 
Sample size: 56000

   Configuration: 
 block  ||  thread
-------------------
   100    ||    560


[==========________________________________________] 20.00 % 
[===========_______________________________________] 22.00 % 
[============______________________________________] 24.00 % 
[=============_____________________________________] 26.00 % 
[==============____________________________________] 28.00 % 
[===============___________________________________] 30.00 % 
[================__________________________________] 32.00 % 
[=================_________________________________] 34.00 % 
[==================________________________________] 36.00 % 
[===================_______________________________] 38.00 % 
[====================______________________________] 40.00 % 
[=====================_____________________________] 42.00 % 
[======================____________________________] 44.00 % 
[=======================___________________________] 46.00 % 
[========================__________________________] 48.00 % 
[=========================_________________________] 50.00 % 
[==========================________________________] 52.00 % 
[===========================_______________________] 54.00 % 
[============================______________________] 56.00 % 
[=============================_____________________] 58.00 % 
[==============================____________________] 60.00 % 
[===============================___________________] 62.00 % 
[================================__________________] 64.00 % 
[=================================_________________] 66.00 % 
[==================================________________] 68.00 % 
[===================================_______________] 70.00 % 
[====================================______________] 72.00 % 
[=====================================_____________] 74.00 % 
[======================================____________] 76.00 % 
[=======================================___________] 78.00 % 
[========================================__________] 80.00 % 
[=========================================_________] 82.00 % 
[==========================================________] 84.00 % 
[===========================================_______] 86.00 % 
[============================================______] 88.00 % 
[=============================================_____] 90.00 % 
[==============================================____] 92.00 % 
[===============================================___] 94.00 % 
[================================================__] 96.00 % 
[=================================================_] 98.00 % 
[==================================================] 100.00 % 
allocating memory for computation result in the CPU, malloc style 
...allocated for STATES, 
...allocated for time, 
...allocated for dt, 
...allocated for ICaL, 
...allocating for INaL, all set!
copying the data back to the CPU 
writing to file... 
Elapsed time: 11095s
